<?xml version="1.0" encoding="UTF-8"?>
<!-- Generated by org.testng.reporters.JUnitReportReporter -->
<testsuite skipped="0" hostname="DESKTOP-FRITH18" name="com.demo.BaseCode" tests="1" failures="0" timestamp="14 Jul 2018 14:58:15 GMT" time="13.048" errors="0">
  <testcase name="initdriver" time="13.048" classname="com.demo.BaseCode"/>
</testsuite> <!-- com.demo.BaseCode -->
