<?xml version="1.0" encoding="UTF-8"?>
<!-- Generated by org.testng.reporters.JUnitReportReporter -->
<testsuite skipped="0" hostname="DESKTOP-FRITH18" name="com.demo.TestCase01" tests="1" failures="0" timestamp="14 Jul 2018 15:25:51 GMT" time="11.792" errors="0">
  <testcase name="TC01" time="11.792" classname="com.demo.TestCase01"/>
</testsuite> <!-- com.demo.TestCase01 -->
